#
# A fatal error has been detected by the Java Runtime Environment:
#
#  EXCEPTION_ACCESS_VIOLATION (0xc0000005) at pc=0x0000000073de45b5, pid=1200, tid=0x0000000000002ffc
#
# JRE version: OpenJDK Runtime Environment (8.0_242-b01) (build 1.8.0_242-release-1644-b01)
# Java VM: OpenJDK 64-Bit Server VM (25.242-b01 mixed mode windows-amd64 compressed oops)
# Problematic frame:
# V  [jvm.dll+0xe45b5]
#
# Failed to write core dump. Minidumps are not enabled by default on client versions of Windows
#
# If you would like to submit a bug report, please visit:
#   
#

---------------  T H R E A D  ---------------

Current thread (0x0000000019350000):  JavaThread "Cache worker for file hash cache (C:\Users\DELL\.gradle\caches\6.5\fileHashes)" [_thread_in_vm, id=12284, stack(0x000000001cb50000,0x000000001cc50000)]

siginfo: ExceptionCode=0xc0000005, reading address 0x000010001c8ca6a0

Registers:
RAX=0x0000000100204b38, RBX=0x000010001c8ca6a0, RCX=0x000010001c8ca6a0, RDX=0x0000000002863b20
RSP=0x000000001cc4dbb8, RBP=0x0000000002863b01, RSI=0x0000000002865c00, RDI=0x000010001c8ca600
R8 =0x0000000002865cc0, R9 =0x0000000000000001, R10=0x00000000742cfa28, R11=0x0000000002863b20
R12=0x0000000002865cc0, R13=0x0000000002863b20, R14=0x0000000002863b20, R15=0x0000000002865cc0
RIP=0x0000000073de45b5, EFLAGS=0x0000000000010297

Top of Stack: (sp=0x000000001cc4dbb8)
0x000000001cc4dbb8:   0000000073de4670 000010001c8ca6a0
0x000000001cc4dbc8:   0000000002862ca1 0000000017352f30
0x000000001cc4dbd8:   0000000000000001 0000000002865cc0
0x000000001cc4dbe8:   0000000000000000 000010001c8ca6a0
0x000000001cc4dbf8:   0000000073deb2ff 0000000100204b38
0x000000001cc4dc08:   0000000002863b20 0000000002865cc0
0x000000001cc4dc18:   0000000073d98f40 0000000000000000
0x000000001cc4dc28:   0000000000000000 0000000002863b20
0x000000001cc4dc38:   0000000073d9972e 0000000000000000
0x000000001cc4dc48:   0000000002863b20 0000000002865cc0
0x000000001cc4dc58:   000000001cc4dfc0 000000001cc4dfc0
0x000000001cc4dc68:   0000000073d9a302 0000000000000000
0x000000001cc4dc78:   0000000100204b38 0000000019350000
0x000000001cc4dc88:   0000000019350000 00000001002ed001
0x000000001cc4dc98:   00000000742c1c00 0000000019350000
0x000000001cc4dca8:   000000001cc4e010 0000000019350000 

Instructions: (pc=0x0000000073de45b5)
0x0000000073de4595:   45 3b 01 7c e6 41 ff 09 48 83 c4 48 5f 5e 5d 5b
0x0000000073de45a5:   c3 cc cc cc cc cc cc cc cc cc cc 48 89 5c 24 08
0x0000000073de45b5:   44 8b 09 45 33 d2 4c 8b da 41 ff c9 48 8b d9 78
0x0000000073de45c5:   4c 66 66 0f 1f 84 00 00 00 00 00 47 8d 04 11 41 


Register to memory mapping:

RAX=0x0000000100204b38 is pointing into metadata
RBX=0x000010001c8ca6a0 is an unknown value
RCX=0x000010001c8ca6a0 is an unknown value
RDX=0x0000000002863b20 is an unknown value
RSP=0x000000001cc4dbb8 is pointing into the stack for thread: 0x0000000019350000
RBP=0x0000000002863b01 is an unknown value
RSI=0x0000000002865c00 is an unknown value
RDI=0x000010001c8ca600 is an unknown value
R8 =0x0000000002865cc0 is an unknown value
R9 =0x0000000000000001 is an unknown value
R10=0x00000000742cfa28 is an unknown value
R11=0x0000000002863b20 is an unknown value
R12=0x0000000002865cc0 is an unknown value
R13=0x0000000002863b20 is an unknown value
R14=0x0000000002863b20 is an unknown value
R15=0x0000000002865cc0 is an unknown value


Stack: [0x000000001cb50000,0x000000001cc50000],  sp=0x000000001cc4dbb8,  free space=1014k
Native frames: (J=compiled Java code, j=interpreted, Vv=VM code, C=native code)
V  [jvm.dll+0xe45b5]
V  [jvm.dll+0xe4670]
V  [jvm.dll+0xeb2ff]
V  [jvm.dll+0x9972e]
V  [jvm.dll+0x9a302]
V  [jvm.dll+0x9b091]
V  [jvm.dll+0x9e57f]
V  [jvm.dll+0x9f170]
V  [jvm.dll+0x9f8e2]
V  [jvm.dll+0x9811a]
C  0x0000000002942cde

Java frames: (J=compiled Java code, j=interpreted, Vv=VM code)
j  org.gradle.cache.internal.btree.KeyHasher$MessageDigestStream.getChecksum()J+34
j  org.gradle.cache.internal.btree.KeyHasher.getHashCode(Ljava/lang/Object;)J+25
j  org.gradle.cache.internal.btree.BTreePersistentIndexedCache$IndexBlock.find(Ljava/lang/Object;)Lorg/gradle/cache/internal/btree/BTreePersistentIndexedCache$Lookup;+8
j  org.gradle.cache.internal.btree.BTreePersistentIndexedCache$IndexBlock.get(Ljava/lang/Object;)Lorg/gradle/cache/internal/btree/BTreePersistentIndexedCache$DataBlock;+2
j  org.gradle.cache.internal.btree.BTreePersistentIndexedCache.get(Ljava/lang/Object;)Ljava/lang/Object;+8
j  org.gradle.cache.internal.DefaultMultiProcessSafePersistentIndexedCache$1.create()Ljava/lang/Object;+8
j  org.gradle.cache.internal.DefaultFileLockManager$DefaultFileLock.readFile(Lorg/gradle/internal/Factory;)Ljava/lang/Object;+5
j  org.gradle.cache.internal.DefaultCacheAccess$UnitOfWorkFileAccess.readFile(Lorg/gradle/internal/Factory;)Ljava/lang/Object;+8
j  org.gradle.cache.internal.DefaultMultiProcessSafePersistentIndexedCache.get(Ljava/lang/Object;)Ljava/lang/Object;+19
j  org.gradle.cache.internal.AsyncCacheAccessDecoratedCache$1.create()Ljava/lang/Object;+11
j  org.gradle.cache.internal.CacheAccessWorker$1.call()Ljava/lang/Object;+4
j  java.util.concurrent.FutureTask.run()V+42
j  org.gradle.internal.concurrent.ExecutorPolicy$CatchAndRecordFailures.onExecute(Ljava/lang/Runnable;)V+1
j  org.gradle.cache.internal.CacheAccessWorker$2.run()V+32
j  org.gradle.internal.Factories$1.create()Ljava/lang/Object;+4
j  org.gradle.cache.internal.DefaultCacheAccess.useCache(Lorg/gradle/internal/Factory;)Ljava/lang/Object;+58
j  org.gradle.cache.internal.DefaultCacheAccess.useCache(Ljava/lang/Runnable;)V+5
j  org.gradle.cache.internal.CacheAccessWorker.flushOperations(Ljava/lang/Runnable;)V+22
j  org.gradle.cache.internal.CacheAccessWorker.run()V+60
j  org.gradle.internal.concurrent.ExecutorPolicy$CatchAndRecordFailures.onExecute(Ljava/lang/Runnable;)V+1
j  org.gradle.internal.concurrent.ManagedExecutorImpl$1.run()V+25
j  java.util.concurrent.ThreadPoolExecutor.runWorker(Ljava/util/concurrent/ThreadPoolExecutor$Worker;)V+95
j  java.util.concurrent.ThreadPoolExecutor$Worker.run()V+5
j  org.gradle.internal.concurrent.ThreadFactoryImpl$ManagedThreadRunnable.run()V+7
j  java.lang.Thread.run()V+11
v  ~StubRoutines::call_stub

---------------  P R O C E S S  ---------------

Java Threads: ( => current thread )
  0x0000000019354800 JavaThread "Cache worker for file hash cache (C:\Users\DELL\AndroidStudioProjects\Records\.gradle\6.5\fileHashes)" [_thread_blocked, id=1724, stack(0x000000001e020000,0x000000001e120000)]
=>0x0000000019350000 JavaThread "Cache worker for file hash cache (C:\Users\DELL\.gradle\caches\6.5\fileHashes)" [_thread_in_vm, id=12284, stack(0x000000001cb50000,0x000000001cc50000)]
  0x0000000019353000 JavaThread "File lock request listener" [_thread_in_native, id=7836, stack(0x000000001ca50000,0x000000001cb50000)]
  0x000000001968d800 JavaThread "Cache worker for journal cache (C:\Users\DELL\.gradle\caches\journal-1)" [_thread_blocked, id=10412, stack(0x000000001c950000,0x000000001ca50000)]
  0x000000001a52b000 JavaThread "Thread-9" [_thread_blocked, id=9560, stack(0x000000001c650000,0x000000001c750000)]
  0x000000001a527000 JavaThread "Stdin handler" [_thread_blocked, id=948, stack(0x000000001c550000,0x000000001c650000)]
  0x000000001a526000 JavaThread "Asynchronous log dispatcher for DefaultDaemonConnection: socket connection from /127.0.0.1:52726 to /127.0.0.1:52727" [_thread_blocked, id=12212, stack(0x000000001c450000,0x000000001c550000)]
  0x000000001a521000 JavaThread "Daemon worker" [_thread_blocked, id=1156, stack(0x000000001c350000,0x000000001c450000)]
  0x000000001a520000 JavaThread "Cancel handler" [_thread_blocked, id=10816, stack(0x000000001c250000,0x000000001c350000)]
  0x000000001a4d0800 JavaThread "Handler for socket connection from /127.0.0.1:52726 to /127.0.0.1:52727" [_thread_in_native, id=8604, stack(0x000000001c150000,0x000000001c250000)]
  0x000000001a4c7000 JavaThread "Daemon periodic checks" [_thread_blocked, id=1140, stack(0x000000001c050000,0x000000001c150000)]
  0x000000001a4c6800 JavaThread "Daemon" [_thread_blocked, id=9360, stack(0x000000001bf50000,0x000000001c050000)]
  0x000000001a465800 JavaThread "Incoming local TCP Connector on port 52726" [_thread_in_native, id=748, stack(0x000000001bb10000,0x000000001bc10000)]
  0x000000001a40c800 JavaThread "Daemon health stats" [_thread_blocked, id=10772, stack(0x000000001b4d0000,0x000000001b5d0000)]
  0x000000001730e800 JavaThread "Service Thread" daemon [_thread_blocked, id=10092, stack(0x0000000018530000,0x0000000018630000)]
  0x0000000017306000 JavaThread "C1 CompilerThread1" daemon [_thread_blocked, id=5176, stack(0x0000000018430000,0x0000000018530000)]
  0x0000000017303000 JavaThread "C2 CompilerThread0" daemon [_thread_blocked, id=1736, stack(0x0000000018330000,0x0000000018430000)]
  0x0000000017301800 JavaThread "Attach Listener" daemon [_thread_blocked, id=4920, stack(0x0000000018230000,0x0000000018330000)]
  0x00000000172fe800 JavaThread "Signal Dispatcher" daemon [_thread_blocked, id=5604, stack(0x0000000018130000,0x0000000018230000)]
  0x0000000002914800 JavaThread "Finalizer" daemon [_thread_blocked, id=352, stack(0x0000000017f30000,0x0000000018030000)]
  0x00000000172e6800 JavaThread "Reference Handler" daemon [_thread_blocked, id=11948, stack(0x0000000017e30000,0x0000000017f30000)]
  0x00000000026cd800 JavaThread "main" [_thread_blocked, id=10820, stack(0x0000000002720000,0x0000000002820000)]

Other Threads:
  0x00000000172c4800 VMThread [stack: 0x0000000017d30000,0x0000000017e30000] [id=9544]
  0x0000000017312800 WatcherThread [stack: 0x0000000018630000,0x0000000018730000] [id=5180]

VM state:not at safepoint (normal execution)

VM Mutex/Monitor currently owned by a thread: None

heap address: 0x0000000080000000, size: 2048 MB, Compressed Oops mode: 32-bit
Narrow klass base: 0x0000000000000000, Narrow klass shift: 3
Compressed class space size: 1073741824 Address: 0x0000000100000000

Heap:
 PSYoungGen      total 68096K, used 35010K [0x00000000d5580000, 0x00000000de780000, 0x0000000100000000)
  eden space 65536K, 49% used [0x00000000d5580000,0x00000000d75348f8,0x00000000d9580000)
  from space 2560K, 99% used [0x00000000d9580000,0x00000000d97fc030,0x00000000d9800000)
  to   space 9216K, 0% used [0x00000000dde80000,0x00000000dde80000,0x00000000de780000)
 ParOldGen       total 44032K, used 11275K [0x0000000080000000, 0x0000000082b00000, 0x00000000d5580000)
  object space 44032K, 25% used [0x0000000080000000,0x0000000080b02f30,0x0000000082b00000)
 Metaspace       used 20428K, capacity 21188K, committed 21248K, reserved 1067008K
  class space    used 2840K, capacity 3028K, committed 3072K, reserved 1048576K

Card table byte_map: [0x0000000011ce0000,0x00000000120f0000] byte_map_base: 0x00000000118e0000

Marking Bits: (ParMarkBitMap*) 0x00000000744cf030
 Begin Bits: [0x00000000125a0000, 0x00000000145a0000)
 End Bits:   [0x00000000145a0000, 0x00000000165a0000)

Polling page: 0x00000000005f0000

CodeCache: size=245760Kb used=6451Kb max_used=6455Kb free=239308Kb
 bounds [0x0000000002920000, 0x0000000002f80000, 0x0000000011920000]
 total_blobs=2251 nmethods=1828 adapters=337
 compilation: enabled

Compilation events (10 events):
Event: 10.489 Thread 0x0000000017303000 1833       4       jdk.internal.org.objectweb.asm.ClassWriter::newUTF8 (70 bytes)
Event: 10.530 Thread 0x0000000017303000 nmethod 1833 0x0000000002f73710 code [0x0000000002f738c0, 0x0000000002f743c8]
Event: 10.531 Thread 0x0000000017303000 1834       4       java.lang.ref.Reference::<init> (25 bytes)
Event: 10.531 Thread 0x0000000017303000 nmethod 1834 0x0000000002a2fa10 code [0x0000000002a2fb40, 0x0000000002a2fbd8]
Event: 11.045 Thread 0x0000000017306000 1835       3       java.util.concurrent.locks.AbstractQueuedSynchronizer::enq (58 bytes)
Event: 11.046 Thread 0x0000000017306000 nmethod 1835 0x0000000002a30790 code [0x0000000002a30920, 0x0000000002a30e50]
Event: 11.139 Thread 0x0000000017306000 1836       3       java.util.concurrent.locks.AbstractQueuedSynchronizer$ConditionObject::unlinkCancelledWaiters (67 bytes)
Event: 11.140 Thread 0x0000000017306000 nmethod 1836 0x0000000002a299d0 code [0x0000000002a29b40, 0x0000000002a29e90]
Event: 11.201 Thread 0x0000000017306000 1837   !   3       java.util.concurrent.locks.AbstractQueuedSynchronizer::acquireQueued (93 bytes)
Event: 11.205 Thread 0x0000000017306000 nmethod 1837 0x0000000002f66c50 code [0x0000000002f66e80, 0x0000000002f67998]

GC Heap History (10 events):
Event: 1.017 GC heap before
{Heap before GC invocations=1 (full 0):
 PSYoungGen      total 18944K, used 16384K [0x00000000d5580000, 0x00000000d6a80000, 0x0000000100000000)
  eden space 16384K, 100% used [0x00000000d5580000,0x00000000d6580000,0x00000000d6580000)
  from space 2560K, 0% used [0x00000000d6800000,0x00000000d6800000,0x00000000d6a80000)
  to   space 2560K, 0% used [0x00000000d6580000,0x00000000d6580000,0x00000000d6800000)
 ParOldGen       total 44032K, used 0K [0x0000000080000000, 0x0000000082b00000, 0x00000000d5580000)
  object space 44032K, 0% used [0x0000000080000000,0x0000000080000000,0x0000000082b00000)
 Metaspace       used 5651K, capacity 5956K, committed 6272K, reserved 1056768K
  class space    used 660K, capacity 774K, committed 896K, reserved 1048576K
Event: 1.030 GC heap after
Heap after GC invocations=1 (full 0):
 PSYoungGen      total 18944K, used 2213K [0x00000000d5580000, 0x00000000d7a80000, 0x0000000100000000)
  eden space 16384K, 0% used [0x00000000d5580000,0x00000000d5580000,0x00000000d6580000)
  from space 2560K, 86% used [0x00000000d6580000,0x00000000d67a96c8,0x00000000d6800000)
  to   space 2560K, 0% used [0x00000000d7800000,0x00000000d7800000,0x00000000d7a80000)
 ParOldGen       total 44032K, used 8K [0x0000000080000000, 0x0000000082b00000, 0x00000000d5580000)
  object space 44032K, 0% used [0x0000000080000000,0x0000000080002000,0x0000000082b00000)
 Metaspace       used 5651K, capacity 5956K, committed 6272K, reserved 1056768K
  class space    used 660K, capacity 774K, committed 896K, reserved 1048576K
}
Event: 1.652 GC heap before
{Heap before GC invocations=2 (full 0):
 PSYoungGen      total 18944K, used 18597K [0x00000000d5580000, 0x00000000d7a80000, 0x0000000100000000)
  eden space 16384K, 100% used [0x00000000d5580000,0x00000000d6580000,0x00000000d6580000)
  from space 2560K, 86% used [0x00000000d6580000,0x00000000d67a96c8,0x00000000d6800000)
  to   space 2560K, 0% used [0x00000000d7800000,0x00000000d7800000,0x00000000d7a80000)
 ParOldGen       total 44032K, used 8K [0x0000000080000000, 0x0000000082b00000, 0x00000000d5580000)
  object space 44032K, 0% used [0x0000000080000000,0x0000000080002000,0x0000000082b00000)
 Metaspace       used 7252K, capacity 7514K, committed 7680K, reserved 1056768K
  class space    used 890K, capacity 973K, committed 1024K, reserved 1048576K
Event: 1.662 GC heap after
Heap after GC invocations=2 (full 0):
 PSYoungGen      total 35328K, used 2537K [0x00000000d5580000, 0x00000000d7a80000, 0x0000000100000000)
  eden space 32768K, 0% used [0x00000000d5580000,0x00000000d5580000,0x00000000d7580000)
  from space 2560K, 99% used [0x00000000d7800000,0x00000000d7a7a748,0x00000000d7a80000)
  to   space 2560K, 0% used [0x00000000d7580000,0x00000000d7580000,0x00000000d7800000)
 ParOldGen       total 44032K, used 887K [0x0000000080000000, 0x0000000082b00000, 0x00000000d5580000)
  object space 44032K, 2% used [0x0000000080000000,0x00000000800ddd38,0x0000000082b00000)
 Metaspace       used 7252K, capacity 7514K, committed 7680K, reserved 1056768K
  class space    used 890K, capacity 973K, committed 1024K, reserved 1048576K
}
Event: 2.162 GC heap before
{Heap before GC invocations=3 (full 0):
 PSYoungGen      total 35328K, used 35305K [0x00000000d5580000, 0x00000000d7a80000, 0x0000000100000000)
  eden space 32768K, 100% used [0x00000000d5580000,0x00000000d7580000,0x00000000d7580000)
  from space 2560K, 99% used [0x00000000d7800000,0x00000000d7a7a748,0x00000000d7a80000)
  to   space 2560K, 0% used [0x00000000d7580000,0x00000000d7580000,0x00000000d7800000)
 ParOldGen       total 44032K, used 887K [0x0000000080000000, 0x0000000082b00000, 0x00000000d5580000)
  object space 44032K, 2% used [0x0000000080000000,0x00000000800ddd38,0x0000000082b00000)
 Metaspace       used 7476K, capacity 7762K, committed 7936K, reserved 1056768K
  class space    used 915K, capacity 1013K, committed 1024K, reserved 1048576K
Event: 2.173 GC heap after
Heap after GC invocations=3 (full 0):
 PSYoungGen      total 35328K, used 2544K [0x00000000d5580000, 0x00000000d9a80000, 0x0000000100000000)
  eden space 32768K, 0% used [0x00000000d5580000,0x00000000d5580000,0x00000000d7580000)
  from space 2560K, 99% used [0x00000000d7580000,0x00000000d77fc030,0x00000000d7800000)
  to   space 2560K, 0% used [0x00000000d9800000,0x00000000d9800000,0x00000000d9a80000)
 ParOldGen       total 44032K, used 1495K [0x0000000080000000, 0x0000000082b00000, 0x00000000d5580000)
  object space 44032K, 3% used [0x0000000080000000,0x0000000080175d50,0x0000000082b00000)
 Metaspace       used 7476K, capacity 7762K, committed 7936K, reserved 1056768K
  class space    used 915K, capacity 1013K, committed 1024K, reserved 1048576K
}
Event: 4.862 GC heap before
{Heap before GC invocations=4 (full 0):
 PSYoungGen      total 35328K, used 35312K [0x00000000d5580000, 0x00000000d9a80000, 0x0000000100000000)
  eden space 32768K, 100% used [0x00000000d5580000,0x00000000d7580000,0x00000000d7580000)
  from space 2560K, 99% used [0x00000000d7580000,0x00000000d77fc030,0x00000000d7800000)
  to   space 2560K, 0% used [0x00000000d9800000,0x00000000d9800000,0x00000000d9a80000)
 ParOldGen       total 44032K, used 1495K [0x0000000080000000, 0x0000000082b00000, 0x00000000d5580000)
  object space 44032K, 3% used [0x0000000080000000,0x0000000080175d50,0x0000000082b00000)
 Metaspace       used 12040K, capacity 12406K, committed 12544K, reserved 1060864K
  class space    used 1595K, capacity 1731K, committed 1792K, reserved 1048576K
Event: 4.881 GC heap after
Heap after GC invocations=4 (full 0):
 PSYoungGen      total 68096K, used 2544K [0x00000000d5580000, 0x00000000d9a80000, 0x0000000100000000)
  eden space 65536K, 0% used [0x00000000d5580000,0x00000000d5580000,0x00000000d9580000)
  from space 2560K, 99% used [0x00000000d9800000,0x00000000d9a7c010,0x00000000d9a80000)
  to   space 2560K, 0% used [0x00000000d9580000,0x00000000d9580000,0x00000000d9800000)
 ParOldGen       total 44032K, used 4926K [0x0000000080000000, 0x0000000082b00000, 0x00000000d5580000)
  object space 44032K, 11% used [0x0000000080000000,0x00000000804cfa68,0x0000000082b00000)
 Metaspace       used 12040K, capacity 12406K, committed 12544K, reserved 1060864K
  class space    used 1595K, capacity 1731K, committed 1792K, reserved 1048576K
}
Event: 8.582 GC heap before
{Heap before GC invocations=5 (full 0):
 PSYoungGen      total 68096K, used 68080K [0x00000000d5580000, 0x00000000d9a80000, 0x0000000100000000)
  eden space 65536K, 100% used [0x00000000d5580000,0x00000000d9580000,0x00000000d9580000)
  from space 2560K, 99% used [0x00000000d9800000,0x00000000d9a7c010,0x00000000d9a80000)
  to   space 2560K, 0% used [0x00000000d9580000,0x00000000d9580000,0x00000000d9800000)
 ParOldGen       total 44032K, used 4926K [0x0000000080000000, 0x0000000082b00000, 0x00000000d5580000)
  object space 44032K, 11% used [0x0000000080000000,0x00000000804cfa68,0x0000000082b00000)
 Metaspace       used 17561K, capacity 18178K, committed 18560K, reserved 1064960K
  class space    used 2395K, capacity 2575K, committed 2688K, reserved 1048576K
Event: 8.602 GC heap after
Heap after GC invocations=5 (full 0):
 PSYoungGen      total 68096K, used 2544K [0x00000000d5580000, 0x00000000de780000, 0x0000000100000000)
  eden space 65536K, 0% used [0x00000000d5580000,0x00000000d5580000,0x00000000d9580000)
  from space 2560K, 99% used [0x00000000d9580000,0x00000000d97fc030,0x00000000d9800000)
  to   space 9216K, 0% used [0x00000000dde80000,0x00000000dde80000,0x00000000de780000)
 ParOldGen       total 44032K, used 11275K [0x0000000080000000, 0x0000000082b00000, 0x00000000d5580000)
  object space 44032K, 25% used [0x0000000080000000,0x0000000080b02f30,0x0000000082b00000)
 Metaspace       used 17561K, capacity 18178K, committed 18560K, reserved 1064960K
  class space    used 2395K, capacity 2575K, committed 2688K, reserved 1048576K
}

Deoptimization events (10 events):
Event: 6.878 Thread 0x000000001a521000 Uncommon trap: reason=unstable_if action=reinterpret pc=0x0000000002c6ef78 method=java.io.File.getName()Ljava/lang/String; @ 16
Event: 7.781 Thread 0x000000001a521000 Uncommon trap: reason=unstable_if action=reinterpret pc=0x0000000002c593b0 method=java.util.LinkedHashMap.afterNodeInsertion(Z)V @ 1
Event: 7.782 Thread 0x000000001a521000 Uncommon trap: reason=unstable_if action=reinterpret pc=0x0000000002b9e904 method=java.util.HashMap.getNode(ILjava/lang/Object;)Ljava/util/HashMap$Node; @ 129
Event: 7.782 Thread 0x000000001a521000 Uncommon trap: reason=bimorphic action=maybe_recompile pc=0x0000000002e0053c method=java.util.HashMap.putVal(ILjava/lang/Object;Ljava/lang/Object;ZZ)Ljava/lang/Object; @ 203
Event: 7.786 Thread 0x000000001a521000 Uncommon trap: reason=unstable_if action=reinterpret pc=0x0000000002b9e084 method=java.util.HashMap.getNode(ILjava/lang/Object;)Ljava/util/HashMap$Node; @ 129
Event: 7.786 Thread 0x000000001a521000 Uncommon trap: reason=bimorphic action=maybe_recompile pc=0x0000000002e0053c method=java.util.HashMap.putVal(ILjava/lang/Object;Ljava/lang/Object;ZZ)Ljava/lang/Object; @ 203
Event: 7.787 Thread 0x000000001a521000 Uncommon trap: reason=bimorphic action=maybe_recompile pc=0x0000000002e05d58 method=java.util.HashMap.putVal(ILjava/lang/Object;Ljava/lang/Object;ZZ)Ljava/lang/Object; @ 203
Event: 9.728 Thread 0x000000001a521000 Uncommon trap: reason=unstable_if action=reinterpret pc=0x0000000002cdc348 method=java.net.URI.match(CJJ)Z @ 19
Event: 9.728 Thread 0x000000001a521000 Uncommon trap: reason=unstable_if action=reinterpret pc=0x0000000002af7f88 method=java.net.URI.match(CJJ)Z @ 19
Event: 9.728 Thread 0x000000001a521000 Uncommon trap: reason=unstable_if action=reinterpret pc=0x0000000002c8fdf8 method=java.net.URI.match(CJJ)Z @ 19

Classes redefined (0 events):
No events

Internal exceptions (10 events):
Event: 4.831 Thread 0x000000001a4d0800 Exception <a 'java/lang/NoSuchMethodError': <clinit>> (0x00000000d74e8a58) thrown at [C:\src\AOSP-openjdk-git\hotspot\src\share\vm\prims\jni.cpp, line 1615]
Event: 4.851 Thread 0x000000001a4d0800 Exception <a 'java/lang/NoSuchMethodError': <clinit>> (0x00000000d75644b8) thrown at [C:\src\AOSP-openjdk-git\hotspot\src\share\vm\prims\jni.cpp, line 1615]
Event: 4.887 Thread 0x000000001a4d0800 Exception <a 'java/lang/NoSuchMethodError': <clinit>> (0x00000000d5593ba8) thrown at [C:\src\AOSP-openjdk-git\hotspot\src\share\vm\prims\jni.cpp, line 1615]
Event: 4.896 Thread 0x000000001a4d0800 Exception <a 'java/lang/NoSuchMethodError': <clinit>> (0x00000000d55c2140) thrown at [C:\src\AOSP-openjdk-git\hotspot\src\share\vm\prims\jni.cpp, line 1615]
Event: 4.897 Thread 0x000000001a4d0800 Exception <a 'java/lang/NoSuchMethodError': <clinit>> (0x00000000d55ce5b8) thrown at [C:\src\AOSP-openjdk-git\hotspot\src\share\vm\prims\jni.cpp, line 1615]
Event: 7.053 Thread 0x000000001a521000 Exception <a 'java/lang/NoSuchMethodError': java.lang.Object.lambda$and$0(Ljava/util/function/Predicate;Ljava/lang/Object;)Z> (0x00000000d7b971b8) thrown at [C:\src\AOSP-openjdk-git\hotspot\src\share\vm\interpreter\linkResolver.cpp, line 620]
Event: 7.084 Thread 0x000000001a521000 Exception <a 'java/lang/IncompatibleClassChangeError': Found class java.lang.Object, but interface was expected> (0x00000000d7ba74b0) thrown at [C:\src\AOSP-openjdk-git\hotspot\src\share\vm\interpreter\linkResolver.cpp, line 653]
Event: 7.087 Thread 0x000000001a521000 Exception <a 'java/lang/NoSuchMethodError': java.lang.Object.lambda$or$2(Ljava/util/function/Predicate;Ljava/lang/Object;)Z> (0x00000000d7bac000) thrown at [C:\src\AOSP-openjdk-git\hotspot\src\share\vm\interpreter\linkResolver.cpp, line 620]
Event: 8.260 Thread 0x000000001a521000 Exception <a 'java/lang/NoSuchMethodError': java.lang.Object.lambda$static$0(Lorg/gradle/internal/state/ModelObject;)Ljava/lang/String;> (0x00000000d931c090) thrown at [C:\src\AOSP-openjdk-git\hotspot\src\share\vm\interpreter\linkResolver.cpp, line 620]
Event: 9.976 Thread 0x000000001a521000 Exception <a 'java/lang/NoSuchMethodError': java.lang.Object.lambda$static$1(Lorg/gradle/internal/snapshot/SnapshotHierarchy$DiffCapturingUpdateFunction;)Lorg/gradle/internal/snapshot/AtomicSnapshotHierarchyReference$UpdateFunction;> (0x00000000d6a9dc38) 

Events (10 events):
Event: 10.670 loading class com/google/common/primitives/Longs
Event: 10.670 loading class com/google/common/primitives/Longs done
Event: 10.864 loading class com/google/common/primitives/Longs$LongConverter
Event: 10.864 loading class com/google/common/primitives/Longs$LongConverter done
Event: 10.866 loading class org/gradle/cache/internal/btree/BTreePersistentIndexedCache$IndexRoot
Event: 10.866 loading class org/gradle/cache/internal/btree/BTreePersistentIndexedCache$IndexRoot done
Event: 10.875 loading class org/gradle/cache/internal/DefaultMultiProcessSafePersistentIndexedCache$1
Event: 10.875 loading class org/gradle/cache/internal/DefaultMultiProcessSafePersistentIndexedCache$1 done
Event: 10.879 loading class org/gradle/cache/internal/btree/BTreePersistentIndexedCache$IndexEntry
Event: 10.879 loading class org/gradle/cache/internal/btree/BTreePersistentIndexedCache$IndexEntry done


Dynamic libraries:
0x00007ff6a8e50000 - 0x00007ff6a8e81000 	C:\Program Files\Android\Android Studio\jre\bin\java.exe
0x00007ffe44510000 - 0x00007ffe44705000 	C:\WINDOWS\SYSTEM32\ntdll.dll
0x00007ffe42b60000 - 0x00007ffe42c1e000 	C:\WINDOWS\System32\KERNEL32.DLL
0x00007ffe41c30000 - 0x00007ffe41ef9000 	C:\WINDOWS\System32\KERNELBASE.dll
0x00007ffe435d0000 - 0x00007ffe4367c000 	C:\WINDOWS\System32\ADVAPI32.dll
0x00007ffe43530000 - 0x00007ffe435ce000 	C:\WINDOWS\System32\msvcrt.dll
0x00007ffe42ac0000 - 0x00007ffe42b5b000 	C:\WINDOWS\System32\sechost.dll
0x00007ffe43a80000 - 0x00007ffe43baa000 	C:\WINDOWS\System32\RPCRT4.dll
0x00007ffe43bb0000 - 0x00007ffe43d51000 	C:\WINDOWS\System32\USER32.dll
0x00007ffe42480000 - 0x00007ffe424a2000 	C:\WINDOWS\System32\win32u.dll
0x00007ffe42c20000 - 0x00007ffe42c4b000 	C:\WINDOWS\System32\GDI32.dll
0x00007ffe42130000 - 0x00007ffe4223b000 	C:\WINDOWS\System32\gdi32full.dll
0x00007ffe41f90000 - 0x00007ffe4202d000 	C:\WINDOWS\System32\msvcp_win.dll
0x00007ffe42030000 - 0x00007ffe42130000 	C:\WINDOWS\System32\ucrtbase.dll
0x00007ffe41120000 - 0x00007ffe413ba000 	C:\WINDOWS\WinSxS\amd64_microsoft.windows.common-controls_6595b64144ccf1df_6.0.19041.1110_none_60b5254171f9507e\COMCTL32.dll
0x00007ffe43440000 - 0x00007ffe43470000 	C:\WINDOWS\System32\IMM32.DLL
0x0000000073c20000 - 0x0000000073cf2000 	C:\Program Files\Android\Android Studio\jre\jre\bin\msvcr100.dll
0x0000000073d00000 - 0x000000007454b000 	C:\Program Files\Android\Android Studio\jre\jre\bin\server\jvm.dll
0x00007ffe442e0000 - 0x00007ffe442e8000 	C:\WINDOWS\System32\PSAPI.DLL
0x00007ffe34660000 - 0x00007ffe3466a000 	C:\WINDOWS\SYSTEM32\VERSION.dll
0x00007ffe38ae0000 - 0x00007ffe38ae9000 	C:\WINDOWS\SYSTEM32\WSOCK32.dll
0x00007ffe30cb0000 - 0x00007ffe30cd7000 	C:\WINDOWS\SYSTEM32\WINMM.dll
0x00007ffe44270000 - 0x00007ffe442db000 	C:\WINDOWS\System32\WS2_32.dll
0x00007ffe3fbd0000 - 0x00007ffe3fbdf000 	C:\Program Files\Android\Android Studio\jre\jre\bin\verify.dll
0x00007ffe25f90000 - 0x00007ffe25fb9000 	C:\Program Files\Android\Android Studio\jre\jre\bin\java.dll
0x00007ffe399a0000 - 0x00007ffe399b6000 	C:\Program Files\Android\Android Studio\jre\jre\bin\zip.dll
0x00007ffe42c50000 - 0x00007ffe4338f000 	C:\WINDOWS\System32\SHELL32.dll
0x00007ffe3f050000 - 0x00007ffe3f7e0000 	C:\WINDOWS\SYSTEM32\windows.storage.dll
0x00007ffe43d60000 - 0x00007ffe440b5000 	C:\WINDOWS\System32\combase.dll
0x00007ffe40f90000 - 0x00007ffe40fbc000 	C:\WINDOWS\SYSTEM32\Wldp.dll
0x00007ffe442f0000 - 0x00007ffe4439d000 	C:\WINDOWS\System32\SHCORE.dll
0x00007ffe43830000 - 0x00007ffe43885000 	C:\WINDOWS\System32\shlwapi.dll
0x00007ffe41b70000 - 0x00007ffe41b8f000 	C:\WINDOWS\SYSTEM32\profapi.dll
0x00007ffe25f70000 - 0x00007ffe25f8a000 	C:\Program Files\Android\Android Studio\jre\jre\bin\net.dll
0x00007ffe40e10000 - 0x00007ffe40e7a000 	C:\WINDOWS\system32\mswsock.dll
0x00007ffe25f50000 - 0x00007ffe25f63000 	C:\Program Files\Android\Android Studio\jre\jre\bin\nio.dll
0x00007ffe3fdb0000 - 0x00007ffe3fdd7000 	C:\Users\DELL\.gradle\native\f6784746aeab05261644944871eae4fe03e0ef1612fff0a4a95f87b438bc6780\windows-amd64\native-platform.dll
0x00007ffe3acf0000 - 0x00007ffe3acfd000 	C:\Program Files\Android\Android Studio\jre\jre\bin\management.dll
0x00007ffe419b0000 - 0x00007ffe419c8000 	C:\WINDOWS\SYSTEM32\CRYPTSP.dll
0x00007ffe40630000 - 0x00007ffe40664000 	C:\WINDOWS\system32\rsaenh.dll
0x00007ffe422f0000 - 0x00007ffe42317000 	C:\WINDOWS\System32\bcrypt.dll
0x00007ffe41af0000 - 0x00007ffe41b1e000 	C:\WINDOWS\SYSTEM32\USERENV.dll
0x00007ffe41f00000 - 0x00007ffe41f83000 	C:\WINDOWS\System32\bcryptprimitives.dll
0x00007ffe40dd0000 - 0x00007ffe40ddc000 	C:\WINDOWS\SYSTEM32\CRYPTBASE.dll
0x00007ffe40980000 - 0x00007ffe409bb000 	C:\WINDOWS\SYSTEM32\IPHLPAPI.DLL
0x00007ffe43470000 - 0x00007ffe43478000 	C:\WINDOWS\System32\NSI.dll
0x00007ffe3a6c0000 - 0x00007ffe3a6d7000 	C:\WINDOWS\SYSTEM32\dhcpcsvc6.DLL
0x00007ffe3a6a0000 - 0x00007ffe3a6bd000 	C:\WINDOWS\SYSTEM32\dhcpcsvc.DLL
0x00007ffe409c0000 - 0x00007ffe40a8c000 	C:\WINDOWS\SYSTEM32\DNSAPI.dll
0x00007ffe3a6e0000 - 0x00007ffe3a6eb000 	C:\WINDOWS\SYSTEM32\WINNSI.DLL
0x00007ffe416a0000 - 0x00007ffe41884000 	C:\WINDOWS\SYSTEM32\dbghelp.dll

VM Arguments:
jvm_args: -Xmx2048m -Dfile.encoding=UTF-8 -Duser.country=US -Duser.language=en -Duser.variant 
java_command: org.gradle.launcher.daemon.bootstrap.GradleDaemon 6.5
java_class_path (initial): C:\Users\DELL\.gradle\wrapper\dists\gradle-6.5-bin\6nifqtx7604sqp1q6g8wikw7p\gradle-6.5\lib\gradle-launcher-6.5.jar
Launcher Type: SUN_STANDARD

Environment Variables:
PATH=C:\Program Files\Common Files\Oracle\Java\javapath;C:\ProgramData\Oracle\Java\javapath;C:\WINDOWS\system32;C:\WINDOWS;C:\WINDOWS\System32\Wbem;C:\WINDOWS\System32\WindowsPowerShell\v1.0\;C:\WINDOWS\System32\OpenSSH\;C:\Program Files\Git\cmd;C:\Users\DELL\AppData\Local\Microsoft\WindowsApps;;C:\Users\DELL\AppData\Local\Programs\Microsoft VS Code\bin
USERNAME=DELL
OS=Windows_NT
PROCESSOR_IDENTIFIER=Intel64 Family 6 Model 23 Stepping 10, GenuineIntel



---------------  S Y S T E M  ---------------

OS: Windows 10.0 , 64 bit Build 19041 (10.0.19041.1202)

CPU:total 2 (initial active 2) (2 cores per cpu, 1 threads per core) family 6 model 23 stepping 10, cmov, cx8, fxsr, mmx, sse, sse2, sse3, ssse3, sse4.1, tsc

Memory: 4k page, physical 4148392k(460932k free), swap 6900904k(2996388k free)

vm_info: OpenJDK 64-Bit Server VM (25.242-b01) for windows-amd64 JRE (1.8.0_242-release-1644-b01), built by "builder" with MS VC++ 10.0 (VS2010)

time: Sat Oct 23 13:14:37 2021
timezone: Malay Peninsula Standard Time
elapsed time: 11 seconds (0d 0h 0m 11s)

